<?xml version="1.0" encoding="UTF-8"?>
<!-- Generated by org.testng.reporters.JUnitReportReporter -->
<testsuite skipped="0" hostname="Nazmuls-MacBook-Pro.local" name="take_Home_WebDriver_Test.testCasePackage.WebDriverTest_01" tests="1" failures="0" timestamp="2023-01-16T15:29:10 EST" time="4.129" errors="0">
  <testcase name="testCase_07_DragAndDrop" time="4.129" classname="take_Home_WebDriver_Test.testCasePackage.WebDriverTest_01"/>
  <system-out/>
</testsuite> <!-- take_Home_WebDriver_Test.testCasePackage.WebDriverTest_01 -->
